# JRE version: OpenJDK Runtime Environment (8.0_412-b08) (build 1.8.0_412-b08)
# Java VM: OpenJDK 64-Bit Server VM (25.412-b08 mixed mode windows-amd64 compressed oops)
Heap:
 PSYoungGen      total 132096K, used 49123K [0x00000000d6b00000, 0x00000000df100000, 0x0000000100000000)
  eden space 126976K, 38% used [0x00000000d6b00000,0x00000000d9af8cb8,0x00000000de700000)
  from space 5120K, 0% used [0x00000000dec00000,0x00000000dec00000,0x00000000df100000)
  to   space 5120K, 0% used [0x00000000de700000,0x00000000de700000,0x00000000dec00000)
 ParOldGen       total 91648K, used 23678K [0x0000000084000000, 0x0000000089980000, 0x00000000d6b00000)
  object space 91648K, 25% used [0x0000000084000000,0x000000008571f9b0,0x0000000089980000)
 Metaspace       used 24351K, capacity 24683K, committed 24832K, reserved 1071104K
  class space    used 2925K, capacity 3030K, committed 3072K, reserved 1048576K
GC Heap History (10 events):
Event: 0.392 GC heap before
{Heap before GC invocations=1 (full 0):
 PSYoungGen      total 36864K, used 31744K [0x00000000d6b00000, 0x00000000d9400000, 0x0000000100000000)
  eden space 31744K, 100% used [0x00000000d6b00000,0x00000000d8a00000,0x00000000d8a00000)
  from space 5120K, 0% used [0x00000000d8f00000,0x00000000d8f00000,0x00000000d9400000)
  to   space 5120K, 0% used [0x00000000d8a00000,0x00000000d8a00000,0x00000000d8f00000)
 ParOldGen       total 84992K, used 0K [0x0000000084000000, 0x0000000089300000, 0x00000000d6b00000)
  object space 84992K, 0% used [0x0000000084000000,0x0000000084000000,0x0000000089300000)
 Metaspace       used 7215K, capacity 7390K, committed 7552K, reserved 1056768K
  class space    used 791K, capacity 869K, committed 896K, reserved 1048576K
Event: 0.396 GC heap after
Heap after GC invocations=1 (full 0):
 PSYoungGen      total 36864K, used 5102K [0x00000000d6b00000, 0x00000000db300000, 0x0000000100000000)
  eden space 31744K, 0% used [0x00000000d6b00000,0x00000000d6b00000,0x00000000d8a00000)
  from space 5120K, 99% used [0x00000000d8a00000,0x00000000d8efb970,0x00000000d8f00000)
  to   space 5120K, 0% used [0x00000000dae00000,0x00000000dae00000,0x00000000db300000)
 ParOldGen       total 84992K, used 3288K [0x0000000084000000, 0x0000000089300000, 0x00000000d6b00000)
  object space 84992K, 3% used [0x0000000084000000,0x00000000843361a8,0x0000000089300000)
 Metaspace       used 7215K, capacity 7390K, committed 7552K, reserved 1056768K
  class space    used 791K, capacity 869K, committed 896K, reserved 1048576K
}
Event: 0.621 GC heap before
{Heap before GC invocations=2 (full 0):
 PSYoungGen      total 36864K, used 36846K [0x00000000d6b00000, 0x00000000db300000, 0x0000000100000000)
  eden space 31744K, 100% used [0x00000000d6b00000,0x00000000d8a00000,0x00000000d8a00000)
  from space 5120K, 99% used [0x00000000d8a00000,0x00000000d8efb970,0x00000000d8f00000)
  to   space 5120K, 0% used [0x00000000dae00000,0x00000000dae00000,0x00000000db300000)
 ParOldGen       total 84992K, used 3288K [0x0000000084000000, 0x0000000089300000, 0x00000000d6b00000)
  object space 84992K, 3% used [0x0000000084000000,0x00000000843361a8,0x0000000089300000)
 Metaspace       used 10164K, capacity 10320K, committed 10624K, reserved 1058816K
  class space    used 1213K, capacity 1288K, committed 1408K, reserved 1048576K
Event: 0.627 GC heap after
Heap after GC invocations=2 (full 0):
 PSYoungGen      total 68608K, used 5094K [0x00000000d6b00000, 0x00000000db300000, 0x0000000100000000)
  eden space 63488K, 0% used [0x00000000d6b00000,0x00000000d6b00000,0x00000000da900000)
  from space 5120K, 99% used [0x00000000dae00000,0x00000000db2f9b68,0x00000000db300000)
  to   space 5120K, 0% used [0x00000000da900000,0x00000000da900000,0x00000000dae00000)
 ParOldGen       total 84992K, used 10761K [0x0000000084000000, 0x0000000089300000, 0x00000000d6b00000)
  object space 84992K, 12% used [0x0000000084000000,0x0000000084a827b0,0x0000000089300000)
 Metaspace       used 10164K, capacity 10320K, committed 10624K, reserved 1058816K
  class space    used 1213K, capacity 1288K, committed 1408K, reserved 1048576K
}
Event: 1.205 GC heap before
{Heap before GC invocations=3 (full 0):
 PSYoungGen      total 68608K, used 68582K [0x00000000d6b00000, 0x00000000db300000, 0x0000000100000000)
  eden space 63488K, 100% used [0x00000000d6b00000,0x00000000da900000,0x00000000da900000)
  from space 5120K, 99% used [0x00000000dae00000,0x00000000db2f9b68,0x00000000db300000)
  to   space 5120K, 0% used [0x00000000da900000,0x00000000da900000,0x00000000dae00000)
 ParOldGen       total 84992K, used 10761K [0x0000000084000000, 0x0000000089300000, 0x00000000d6b00000)
  object space 84992K, 12% used [0x0000000084000000,0x0000000084a827b0,0x0000000089300000)
 Metaspace       used 16976K, capacity 17202K, committed 17408K, reserved 1064960K
  class space    used 2142K, capacity 2227K, committed 2304K, reserved 1048576K
Event: 1.212 GC heap after
Heap after GC invocations=3 (full 0):
 PSYoungGen      total 68608K, used 5097K [0x00000000d6b00000, 0x00000000df100000, 0x0000000100000000)
  eden space 63488K, 0% used [0x00000000d6b00000,0x00000000d6b00000,0x00000000da900000)
  from space 5120K, 99% used [0x00000000da900000,0x00000000dadfa698,0x00000000dae00000)
  to   space 5120K, 0% used [0x00000000dec00000,0x00000000dec00000,0x00000000df100000)
 ParOldGen       total 84992K, used 23811K [0x0000000084000000, 0x0000000089300000, 0x00000000d6b00000)
  object space 84992K, 28% used [0x0000000084000000,0x0000000085740c08,0x0000000089300000)
 Metaspace       used 16976K, capacity 17202K, committed 17408K, reserved 1064960K
  class space    used 2142K, capacity 2227K, committed 2304K, reserved 1048576K
}
Event: 1.868 GC heap before
{Heap before GC invocations=4 (full 0):
 PSYoungGen      total 68608K, used 48785K [0x00000000d6b00000, 0x00000000df100000, 0x0000000100000000)
  eden space 63488K, 68% used [0x00000000d6b00000,0x00000000d95aa140,0x00000000da900000)
  from space 5120K, 99% used [0x00000000da900000,0x00000000dadfa698,0x00000000dae00000)
  to   space 5120K, 0% used [0x00000000dec00000,0x00000000dec00000,0x00000000df100000)
 ParOldGen       total 84992K, used 23811K [0x0000000084000000, 0x0000000089300000, 0x00000000d6b00000)
  object space 84992K, 28% used [0x0000000084000000,0x0000000085740c08,0x0000000089300000)
 Metaspace       used 20837K, capacity 21118K, committed 21248K, reserved 1067008K
  class space    used 2649K, capacity 2735K, committed 2816K, reserved 1048576K
Event: 1.876 GC heap after
Heap after GC invocations=4 (full 0):
 PSYoungGen      total 132096K, used 5088K [0x00000000d6b00000, 0x00000000df100000, 0x0000000100000000)
  eden space 126976K, 0% used [0x00000000d6b00000,0x00000000d6b00000,0x00000000de700000)
  from space 5120K, 99% used [0x00000000dec00000,0x00000000df0f82b0,0x00000000df100000)
  to   space 5120K, 0% used [0x00000000de700000,0x00000000de700000,0x00000000dec00000)
 ParOldGen       total 84992K, used 28546K [0x0000000084000000, 0x0000000089300000, 0x00000000d6b00000)
  object space 84992K, 33% used [0x0000000084000000,0x0000000085be08e8,0x0000000089300000)
 Metaspace       used 20837K, capacity 21118K, committed 21248K, reserved 1067008K
  class space    used 2649K, capacity 2735K, committed 2816K, reserved 1048576K
}
Event: 1.876 GC heap before
{Heap before GC invocations=5 (full 1):
 PSYoungGen      total 132096K, used 5088K [0x00000000d6b00000, 0x00000000df100000, 0x0000000100000000)
  eden space 126976K, 0% used [0x00000000d6b00000,0x00000000d6b00000,0x00000000de700000)
  from space 5120K, 99% used [0x00000000dec00000,0x00000000df0f82b0,0x00000000df100000)
  to   space 5120K, 0% used [0x00000000de700000,0x00000000de700000,0x00000000dec00000)
 ParOldGen       total 84992K, used 28546K [0x0000000084000000, 0x0000000089300000, 0x00000000d6b00000)
  object space 84992K, 33% used [0x0000000084000000,0x0000000085be08e8,0x0000000089300000)
 Metaspace       used 20837K, capacity 21118K, committed 21248K, reserved 1067008K
  class space    used 2649K, capacity 2735K, committed 2816K, reserved 1048576K
Event: 1.932 GC heap after
Heap after GC invocations=5 (full 1):
 PSYoungGen      total 132096K, used 0K [0x00000000d6b00000, 0x00000000df100000, 0x0000000100000000)
  eden space 126976K, 0% used [0x00000000d6b00000,0x00000000d6b00000,0x00000000de700000)
  from space 5120K, 0% used [0x00000000dec00000,0x00000000dec00000,0x00000000df100000)
  to   space 5120K, 0% used [0x00000000de700000,0x00000000de700000,0x00000000dec00000)
 ParOldGen       total 91648K, used 23678K [0x0000000084000000, 0x0000000089980000, 0x00000000d6b00000)
  object space 91648K, 25% used [0x0000000084000000,0x000000008571f9b0,0x0000000089980000)
 Metaspace       used 20837K, capacity 21118K, committed 21248K, reserved 1067008K
  class space    used 2649K, capacity 2735K, committed 2816K, reserved 1048576K
}

