# JRE version: OpenJDK Runtime Environment (8.0_412-b08) (build 1.8.0_412-b08)
# Java VM: OpenJDK 64-Bit Server VM (25.412-b08 mixed mode windows-amd64 compressed oops)
Heap:
 PSYoungGen      total 132096K, used 47365K [0x00000000d6b00000, 0x00000000df100000, 0x0000000100000000)
  eden space 126976K, 37% used [0x00000000d6b00000,0x00000000d9941780,0x00000000de700000)
  from space 5120K, 0% used [0x00000000dec00000,0x00000000dec00000,0x00000000df100000)
  to   space 5120K, 0% used [0x00000000de700000,0x00000000de700000,0x00000000dec00000)
 ParOldGen       total 87552K, used 23706K [0x0000000084000000, 0x0000000089580000, 0x00000000d6b00000)
  object space 87552K, 27% used [0x0000000084000000,0x0000000085726a10,0x0000000089580000)
 Metaspace       used 24312K, capacity 24623K, committed 24832K, reserved 1071104K
  class space    used 2928K, capacity 3030K, committed 3072K, reserved 1048576K
GC Heap History (10 events):
Event: 0.365 GC heap before
{Heap before GC invocations=1 (full 0):
 PSYoungGen      total 36864K, used 31744K [0x00000000d6b00000, 0x00000000d9400000, 0x0000000100000000)
  eden space 31744K, 100% used [0x00000000d6b00000,0x00000000d8a00000,0x00000000d8a00000)
  from space 5120K, 0% used [0x00000000d8f00000,0x00000000d8f00000,0x00000000d9400000)
  to   space 5120K, 0% used [0x00000000d8a00000,0x00000000d8a00000,0x00000000d8f00000)
 ParOldGen       total 84992K, used 0K [0x0000000084000000, 0x0000000089300000, 0x00000000d6b00000)
  object space 84992K, 0% used [0x0000000084000000,0x0000000084000000,0x0000000089300000)
 Metaspace       used 7211K, capacity 7394K, committed 7552K, reserved 1056768K
  class space    used 791K, capacity 869K, committed 896K, reserved 1048576K
Event: 0.369 GC heap after
Heap after GC invocations=1 (full 0):
 PSYoungGen      total 36864K, used 5111K [0x00000000d6b00000, 0x00000000db300000, 0x0000000100000000)
  eden space 31744K, 0% used [0x00000000d6b00000,0x00000000d6b00000,0x00000000d8a00000)
  from space 5120K, 99% used [0x00000000d8a00000,0x00000000d8efde50,0x00000000d8f00000)
  to   space 5120K, 0% used [0x00000000dae00000,0x00000000dae00000,0x00000000db300000)
 ParOldGen       total 84992K, used 2547K [0x0000000084000000, 0x0000000089300000, 0x00000000d6b00000)
  object space 84992K, 2% used [0x0000000084000000,0x000000008427ccb0,0x0000000089300000)
 Metaspace       used 7211K, capacity 7394K, committed 7552K, reserved 1056768K
  class space    used 791K, capacity 869K, committed 896K, reserved 1048576K
}
Event: 0.596 GC heap before
{Heap before GC invocations=2 (full 0):
 PSYoungGen      total 36864K, used 36855K [0x00000000d6b00000, 0x00000000db300000, 0x0000000100000000)
  eden space 31744K, 100% used [0x00000000d6b00000,0x00000000d8a00000,0x00000000d8a00000)
  from space 5120K, 99% used [0x00000000d8a00000,0x00000000d8efde50,0x00000000d8f00000)
  to   space 5120K, 0% used [0x00000000dae00000,0x00000000dae00000,0x00000000db300000)
 ParOldGen       total 84992K, used 2547K [0x0000000084000000, 0x0000000089300000, 0x00000000d6b00000)
  object space 84992K, 2% used [0x0000000084000000,0x000000008427ccb0,0x0000000089300000)
 Metaspace       used 10151K, capacity 10324K, committed 10624K, reserved 1058816K
  class space    used 1213K, capacity 1288K, committed 1408K, reserved 1048576K
Event: 0.602 GC heap after
Heap after GC invocations=2 (full 0):
 PSYoungGen      total 68608K, used 5118K [0x00000000d6b00000, 0x00000000db300000, 0x0000000100000000)
  eden space 63488K, 0% used [0x00000000d6b00000,0x00000000d6b00000,0x00000000da900000)
  from space 5120K, 99% used [0x00000000dae00000,0x00000000db2ff8d0,0x00000000db300000)
  to   space 5120K, 0% used [0x00000000da900000,0x00000000da900000,0x00000000dae00000)
 ParOldGen       total 84992K, used 10466K [0x0000000084000000, 0x0000000089300000, 0x00000000d6b00000)
  object space 84992K, 12% used [0x0000000084000000,0x0000000084a38a10,0x0000000089300000)
 Metaspace       used 10151K, capacity 10324K, committed 10624K, reserved 1058816K
  class space    used 1213K, capacity 1288K, committed 1408K, reserved 1048576K
}
Event: 1.191 GC heap before
{Heap before GC invocations=3 (full 0):
 PSYoungGen      total 68608K, used 68606K [0x00000000d6b00000, 0x00000000db300000, 0x0000000100000000)
  eden space 63488K, 100% used [0x00000000d6b00000,0x00000000da900000,0x00000000da900000)
  from space 5120K, 99% used [0x00000000dae00000,0x00000000db2ff8d0,0x00000000db300000)
  to   space 5120K, 0% used [0x00000000da900000,0x00000000da900000,0x00000000dae00000)
 ParOldGen       total 84992K, used 10466K [0x0000000084000000, 0x0000000089300000, 0x00000000d6b00000)
  object space 84992K, 12% used [0x0000000084000000,0x0000000084a38a10,0x0000000089300000)
 Metaspace       used 16954K, capacity 17142K, committed 17408K, reserved 1064960K
  class space    used 2146K, capacity 2227K, committed 2304K, reserved 1048576K
Event: 1.197 GC heap after
Heap after GC invocations=3 (full 0):
 PSYoungGen      total 68608K, used 5098K [0x00000000d6b00000, 0x00000000df100000, 0x0000000100000000)
  eden space 63488K, 0% used [0x00000000d6b00000,0x00000000d6b00000,0x00000000da900000)
  from space 5120K, 99% used [0x00000000da900000,0x00000000dadfa928,0x00000000dae00000)
  to   space 5120K, 0% used [0x00000000dec00000,0x00000000dec00000,0x00000000df100000)
 ParOldGen       total 84992K, used 21184K [0x0000000084000000, 0x0000000089300000, 0x00000000d6b00000)
  object space 84992K, 24% used [0x0000000084000000,0x00000000854b00b0,0x0000000089300000)
 Metaspace       used 16954K, capacity 17142K, committed 17408K, reserved 1064960K
  class space    used 2146K, capacity 2227K, committed 2304K, reserved 1048576K
}
Event: 1.808 GC heap before
{Heap before GC invocations=4 (full 0):
 PSYoungGen      total 68608K, used 50309K [0x00000000d6b00000, 0x00000000df100000, 0x0000000100000000)
  eden space 63488K, 71% used [0x00000000d6b00000,0x00000000d9726d90,0x00000000da900000)
  from space 5120K, 99% used [0x00000000da900000,0x00000000dadfa928,0x00000000dae00000)
  to   space 5120K, 0% used [0x00000000dec00000,0x00000000dec00000,0x00000000df100000)
 ParOldGen       total 84992K, used 21184K [0x0000000084000000, 0x0000000089300000, 0x00000000d6b00000)
  object space 84992K, 24% used [0x0000000084000000,0x00000000854b00b0,0x0000000089300000)
 Metaspace       used 20876K, capacity 21128K, committed 21248K, reserved 1067008K
  class space    used 2658K, capacity 2736K, committed 2816K, reserved 1048576K
Event: 1.816 GC heap after
Heap after GC invocations=4 (full 0):
 PSYoungGen      total 132096K, used 5098K [0x00000000d6b00000, 0x00000000df100000, 0x0000000100000000)
  eden space 126976K, 0% used [0x00000000d6b00000,0x00000000d6b00000,0x00000000de700000)
  from space 5120K, 99% used [0x00000000dec00000,0x00000000df0fa928,0x00000000df100000)
  to   space 5120K, 0% used [0x00000000de700000,0x00000000de700000,0x00000000dec00000)
 ParOldGen       total 84992K, used 28984K [0x0000000084000000, 0x0000000089300000, 0x00000000d6b00000)
  object space 84992K, 34% used [0x0000000084000000,0x0000000085c4e2e0,0x0000000089300000)
 Metaspace       used 20876K, capacity 21128K, committed 21248K, reserved 1067008K
  class space    used 2658K, capacity 2736K, committed 2816K, reserved 1048576K
}
Event: 1.816 GC heap before
{Heap before GC invocations=5 (full 1):
 PSYoungGen      total 132096K, used 5098K [0x00000000d6b00000, 0x00000000df100000, 0x0000000100000000)
  eden space 126976K, 0% used [0x00000000d6b00000,0x00000000d6b00000,0x00000000de700000)
  from space 5120K, 99% used [0x00000000dec00000,0x00000000df0fa928,0x00000000df100000)
  to   space 5120K, 0% used [0x00000000de700000,0x00000000de700000,0x00000000dec00000)
 ParOldGen       total 84992K, used 28984K [0x0000000084000000, 0x0000000089300000, 0x00000000d6b00000)
  object space 84992K, 34% used [0x0000000084000000,0x0000000085c4e2e0,0x0000000089300000)
 Metaspace       used 20876K, capacity 21128K, committed 21248K, reserved 1067008K
  class space    used 2658K, capacity 2736K, committed 2816K, reserved 1048576K
Event: 1.858 GC heap after
Heap after GC invocations=5 (full 1):
 PSYoungGen      total 132096K, used 0K [0x00000000d6b00000, 0x00000000df100000, 0x0000000100000000)
  eden space 126976K, 0% used [0x00000000d6b00000,0x00000000d6b00000,0x00000000de700000)
  from space 5120K, 0% used [0x00000000dec00000,0x00000000dec00000,0x00000000df100000)
  to   space 5120K, 0% used [0x00000000de700000,0x00000000de700000,0x00000000dec00000)
 ParOldGen       total 87552K, used 23706K [0x0000000084000000, 0x0000000089580000, 0x00000000d6b00000)
  object space 87552K, 27% used [0x0000000084000000,0x0000000085726a10,0x0000000089580000)
 Metaspace       used 20876K, capacity 21128K, committed 21248K, reserved 1067008K
  class space    used 2658K, capacity 2736K, committed 2816K, reserved 1048576K
}

