# JRE version: OpenJDK Runtime Environment (8.0_412-b08) (build 1.8.0_412-b08)
# Java VM: OpenJDK 64-Bit Server VM (25.412-b08 mixed mode windows-amd64 compressed oops)
Heap:
 PSYoungGen      total 132096K, used 47572K [0x00000000d6b00000, 0x00000000df100000, 0x0000000100000000)
  eden space 126976K, 37% used [0x00000000d6b00000,0x00000000d9975068,0x00000000de700000)
  from space 5120K, 0% used [0x00000000dec00000,0x00000000dec00000,0x00000000df100000)
  to   space 5120K, 0% used [0x00000000de700000,0x00000000de700000,0x00000000dec00000)
 ParOldGen       total 80896K, used 17699K [0x0000000084000000, 0x0000000088f00000, 0x00000000d6b00000)
  object space 80896K, 21% used [0x0000000084000000,0x0000000085148d20,0x0000000088f00000)
 Metaspace       used 24340K, capacity 24679K, committed 24832K, reserved 1071104K
  class space    used 2928K, capacity 3030K, committed 3072K, reserved 1048576K
GC Heap History (10 events):
Event: 0.366 GC heap before
{Heap before GC invocations=1 (full 0):
 PSYoungGen      total 36864K, used 31744K [0x00000000d6b00000, 0x00000000d9400000, 0x0000000100000000)
  eden space 31744K, 100% used [0x00000000d6b00000,0x00000000d8a00000,0x00000000d8a00000)
  from space 5120K, 0% used [0x00000000d8f00000,0x00000000d8f00000,0x00000000d9400000)
  to   space 5120K, 0% used [0x00000000d8a00000,0x00000000d8a00000,0x00000000d8f00000)
 ParOldGen       total 84992K, used 0K [0x0000000084000000, 0x0000000089300000, 0x00000000d6b00000)
  object space 84992K, 0% used [0x0000000084000000,0x0000000084000000,0x0000000089300000)
 Metaspace       used 7204K, capacity 7386K, committed 7552K, reserved 1056768K
  class space    used 791K, capacity 869K, committed 896K, reserved 1048576K
Event: 0.370 GC heap after
Heap after GC invocations=1 (full 0):
 PSYoungGen      total 36864K, used 5098K [0x00000000d6b00000, 0x00000000db300000, 0x0000000100000000)
  eden space 31744K, 0% used [0x00000000d6b00000,0x00000000d6b00000,0x00000000d8a00000)
  from space 5120K, 99% used [0x00000000d8a00000,0x00000000d8efaa08,0x00000000d8f00000)
  to   space 5120K, 0% used [0x00000000dae00000,0x00000000dae00000,0x00000000db300000)
 ParOldGen       total 84992K, used 3304K [0x0000000084000000, 0x0000000089300000, 0x00000000d6b00000)
  object space 84992K, 3% used [0x0000000084000000,0x000000008433a018,0x0000000089300000)
 Metaspace       used 7204K, capacity 7386K, committed 7552K, reserved 1056768K
  class space    used 791K, capacity 869K, committed 896K, reserved 1048576K
}
Event: 0.571 GC heap before
{Heap before GC invocations=2 (full 0):
 PSYoungGen      total 36864K, used 36842K [0x00000000d6b00000, 0x00000000db300000, 0x0000000100000000)
  eden space 31744K, 100% used [0x00000000d6b00000,0x00000000d8a00000,0x00000000d8a00000)
  from space 5120K, 99% used [0x00000000d8a00000,0x00000000d8efaa08,0x00000000d8f00000)
  to   space 5120K, 0% used [0x00000000dae00000,0x00000000dae00000,0x00000000db300000)
 ParOldGen       total 84992K, used 3304K [0x0000000084000000, 0x0000000089300000, 0x00000000d6b00000)
  object space 84992K, 3% used [0x0000000084000000,0x000000008433a018,0x0000000089300000)
 Metaspace       used 10154K, capacity 10316K, committed 10624K, reserved 1058816K
  class space    used 1213K, capacity 1288K, committed 1408K, reserved 1048576K
Event: 0.576 GC heap after
Heap after GC invocations=2 (full 0):
 PSYoungGen      total 68608K, used 5118K [0x00000000d6b00000, 0x00000000db300000, 0x0000000100000000)
  eden space 63488K, 0% used [0x00000000d6b00000,0x00000000d6b00000,0x00000000da900000)
  from space 5120K, 99% used [0x00000000dae00000,0x00000000db2ff8d0,0x00000000db300000)
  to   space 5120K, 0% used [0x00000000da900000,0x00000000da900000,0x00000000dae00000)
 ParOldGen       total 84992K, used 10616K [0x0000000084000000, 0x0000000089300000, 0x00000000d6b00000)
  object space 84992K, 12% used [0x0000000084000000,0x0000000084a5e328,0x0000000089300000)
 Metaspace       used 10154K, capacity 10316K, committed 10624K, reserved 1058816K
  class space    used 1213K, capacity 1288K, committed 1408K, reserved 1048576K
}
Event: 1.227 GC heap before
{Heap before GC invocations=3 (full 0):
 PSYoungGen      total 68608K, used 68606K [0x00000000d6b00000, 0x00000000db300000, 0x0000000100000000)
  eden space 63488K, 100% used [0x00000000d6b00000,0x00000000da900000,0x00000000da900000)
  from space 5120K, 99% used [0x00000000dae00000,0x00000000db2ff8d0,0x00000000db300000)
  to   space 5120K, 0% used [0x00000000da900000,0x00000000da900000,0x00000000dae00000)
 ParOldGen       total 84992K, used 10616K [0x0000000084000000, 0x0000000089300000, 0x00000000d6b00000)
  object space 84992K, 12% used [0x0000000084000000,0x0000000084a5e328,0x0000000089300000)
 Metaspace       used 16954K, capacity 17134K, committed 17408K, reserved 1064960K
  class space    used 2145K, capacity 2227K, committed 2304K, reserved 1048576K
Event: 1.237 GC heap after
Heap after GC invocations=3 (full 0):
 PSYoungGen      total 68608K, used 5110K [0x00000000d6b00000, 0x00000000df100000, 0x0000000100000000)
  eden space 63488K, 0% used [0x00000000d6b00000,0x00000000d6b00000,0x00000000da900000)
  from space 5120K, 99% used [0x00000000da900000,0x00000000dadfdb68,0x00000000dae00000)
  to   space 5120K, 0% used [0x00000000dec00000,0x00000000dec00000,0x00000000df100000)
 ParOldGen       total 84992K, used 22757K [0x0000000084000000, 0x0000000089300000, 0x00000000d6b00000)
  object space 84992K, 26% used [0x0000000084000000,0x0000000085639580,0x0000000089300000)
 Metaspace       used 16954K, capacity 17134K, committed 17408K, reserved 1064960K
  class space    used 2145K, capacity 2227K, committed 2304K, reserved 1048576K
}
Event: 1.854 GC heap before
{Heap before GC invocations=4 (full 0):
 PSYoungGen      total 68608K, used 51587K [0x00000000d6b00000, 0x00000000df100000, 0x0000000100000000)
  eden space 63488K, 73% used [0x00000000d6b00000,0x00000000d9863280,0x00000000da900000)
  from space 5120K, 99% used [0x00000000da900000,0x00000000dadfdb68,0x00000000dae00000)
  to   space 5120K, 0% used [0x00000000dec00000,0x00000000dec00000,0x00000000df100000)
 ParOldGen       total 84992K, used 22757K [0x0000000084000000, 0x0000000089300000, 0x00000000d6b00000)
  object space 84992K, 26% used [0x0000000084000000,0x0000000085639580,0x0000000089300000)
 Metaspace       used 20898K, capacity 21126K, committed 21248K, reserved 1067008K
  class space    used 2661K, capacity 2737K, committed 2816K, reserved 1048576K
Event: 1.864 GC heap after
Heap after GC invocations=4 (full 0):
 PSYoungGen      total 132096K, used 5109K [0x00000000d6b00000, 0x00000000df100000, 0x0000000100000000)
  eden space 126976K, 0% used [0x00000000d6b00000,0x00000000d6b00000,0x00000000de700000)
  from space 5120K, 99% used [0x00000000dec00000,0x00000000df0fd628,0x00000000df100000)
  to   space 5120K, 0% used [0x00000000de700000,0x00000000de700000,0x00000000dec00000)
 ParOldGen       total 84992K, used 28156K [0x0000000084000000, 0x0000000089300000, 0x00000000d6b00000)
  object space 84992K, 33% used [0x0000000084000000,0x0000000085b7f148,0x0000000089300000)
 Metaspace       used 20898K, capacity 21126K, committed 21248K, reserved 1067008K
  class space    used 2661K, capacity 2737K, committed 2816K, reserved 1048576K
}
Event: 1.864 GC heap before
{Heap before GC invocations=5 (full 1):
 PSYoungGen      total 132096K, used 5109K [0x00000000d6b00000, 0x00000000df100000, 0x0000000100000000)
  eden space 126976K, 0% used [0x00000000d6b00000,0x00000000d6b00000,0x00000000de700000)
  from space 5120K, 99% used [0x00000000dec00000,0x00000000df0fd628,0x00000000df100000)
  to   space 5120K, 0% used [0x00000000de700000,0x00000000de700000,0x00000000dec00000)
 ParOldGen       total 84992K, used 28156K [0x0000000084000000, 0x0000000089300000, 0x00000000d6b00000)
  object space 84992K, 33% used [0x0000000084000000,0x0000000085b7f148,0x0000000089300000)
 Metaspace       used 20898K, capacity 21126K, committed 21248K, reserved 1067008K
  class space    used 2661K, capacity 2737K, committed 2816K, reserved 1048576K
Event: 1.903 GC heap after
Heap after GC invocations=5 (full 1):
 PSYoungGen      total 132096K, used 0K [0x00000000d6b00000, 0x00000000df100000, 0x0000000100000000)
  eden space 126976K, 0% used [0x00000000d6b00000,0x00000000d6b00000,0x00000000de700000)
  from space 5120K, 0% used [0x00000000dec00000,0x00000000dec00000,0x00000000df100000)
  to   space 5120K, 0% used [0x00000000de700000,0x00000000de700000,0x00000000dec00000)
 ParOldGen       total 80896K, used 17699K [0x0000000084000000, 0x0000000088f00000, 0x00000000d6b00000)
  object space 80896K, 21% used [0x0000000084000000,0x0000000085148d20,0x0000000088f00000)
 Metaspace       used 20898K, capacity 21126K, committed 21248K, reserved 1067008K
  class space    used 2661K, capacity 2737K, committed 2816K, reserved 1048576K
}

